<?xml version="1.0" encoding="UTF-8"?>
<!-- Generated by org.testng.reporters.JUnitReportReporter -->
<testsuite hostname="DESKTOP-Q2OHRB1" failures="0" tests="6" name="com.propertymonitor.tests.ProjectSearchTest" time="36.233" errors="0" timestamp="2025-05-22T21:45:06 IST" skipped="0">
  <testcase classname="com.propertymonitor.tests.ProjectSearchTest" name="testSearchLocationUpdatesProjectCount" time="12.463"/>
  <testcase classname="com.propertymonitor.tests.ProjectSearchTest" name="testClearLocationUpdatesProjectCount" time="4.705"/>
  <testcase classname="com.propertymonitor.tests.ProjectSearchTest" name="testSelectApartmentUnitType" time="6.568"/>
  <testcase classname="com.propertymonitor.tests.ProjectSearchTest" name="testUnselectApartmentUnitType" time="4.986"/>
  <testcase classname="com.propertymonitor.tests.ProjectSearchTest" name="testUncheckUpcomingSaleStatus" time="4.954"/>
  <testcase classname="com.propertymonitor.tests.ProjectSearchTest" name="testSelectUpcomingSaleStatus" time="2.557"/>
</testsuite> <!-- com.propertymonitor.tests.ProjectSearchTest -->
