<?xml version="1.0" encoding="UTF-8"?>
<!-- Generated by org.testng.reporters.JUnitReportReporter -->
<testsuite hostname="DESKTOP-Q2OHRB1" failures="0" tests="6" name="com.propertymonitor.tests.ProjectSearchTest" time="36.819" errors="0" timestamp="2025-05-22T21:50:51 IST" skipped="0">
  <testcase classname="com.propertymonitor.tests.ProjectSearchTest" name="testSearchLocationUpdatesProjectCount" time="10.713"/>
  <testcase classname="com.propertymonitor.tests.ProjectSearchTest" name="testClearLocationUpdatesProjectCount" time="5.960"/>
  <testcase classname="com.propertymonitor.tests.ProjectSearchTest" name="testSelectApartmentUnitType" time="6.883"/>
  <testcase classname="com.propertymonitor.tests.ProjectSearchTest" name="testUnselectApartmentUnitType" time="5.005"/>
  <testcase classname="com.propertymonitor.tests.ProjectSearchTest" name="testUncheckUpcomingSaleStatus" time="5.553"/>
  <testcase classname="com.propertymonitor.tests.ProjectSearchTest" name="testSelectUpcomingSaleStatus" time="2.705"/>
</testsuite> <!-- com.propertymonitor.tests.ProjectSearchTest -->
