<?xml version="1.0" encoding="UTF-8"?>
<!-- Generated by org.testng.reporters.JUnitReportReporter -->
<testsuite hostname="DESKTOP-Q2OHRB1" failures="0" tests="6" name="com.propertymonitor.tests.ProjectSearchTest" time="35.259" errors="0" timestamp="2025-05-22T21:15:32 IST" skipped="0">
  <testcase classname="com.propertymonitor.tests.ProjectSearchTest" name="testSearchLocationUpdatesProjectCount" time="10.284"/>
  <testcase classname="com.propertymonitor.tests.ProjectSearchTest" name="testClearLocationUpdatesProjectCount" time="4.576"/>
  <testcase classname="com.propertymonitor.tests.ProjectSearchTest" name="testSelectApartmentUnitType" time="6.947"/>
  <testcase classname="com.propertymonitor.tests.ProjectSearchTest" name="testUnselectApartmentUnitType" time="5.082"/>
  <testcase classname="com.propertymonitor.tests.ProjectSearchTest" name="testUncheckUpcomingSaleStatus" time="5.584"/>
  <testcase classname="com.propertymonitor.tests.ProjectSearchTest" name="testSelectUpcomingSaleStatus" time="2.786"/>
</testsuite> <!-- com.propertymonitor.tests.ProjectSearchTest -->
